[debug] [2020-09-27T21:42:25.772Z] ----------------------------------------------------------------------
[debug] [2020-09-27T21:42:25.775Z] Command:       /usr/local/Cellar/node/13.12.0/bin/node /usr/local/bin/firebase functions:shell
[debug] [2020-09-27T21:42:25.775Z] CLI Version:   8.11.2
[debug] [2020-09-27T21:42:25.775Z] Platform:      darwin
[debug] [2020-09-27T21:42:25.775Z] Node Version:  v13.12.0
[debug] [2020-09-27T21:42:25.777Z] Time:          Sun Sep 27 2020 17:42:25 GMT-0400 (Eastern Daylight Time)
[debug] [2020-09-27T21:42:25.777Z] ----------------------------------------------------------------------
[debug] [2020-09-27T21:42:25.777Z] 
[debug] [2020-09-27T21:42:25.791Z] > command requires scopes: ["email","openid","https://www.googleapis.com/auth/cloudplatformprojects.readonly","https://www.googleapis.com/auth/firebase","https://www.googleapis.com/auth/cloud-platform"]
[debug] [2020-09-27T21:42:25.791Z] > authorizing via signed-in user
[debug] [2020-09-27T21:42:25.792Z] [iam] checking project digital-equity for permissions ["firebase.projects.get"]
[debug] [2020-09-27T21:42:25.794Z] > refreshing access token with scopes: ["email","https://www.googleapis.com/auth/cloud-platform","https://www.googleapis.com/auth/cloudplatformprojects.readonly","https://www.googleapis.com/auth/firebase","openid"]
[debug] [2020-09-27T21:42:25.795Z] >>> HTTP REQUEST POST https://www.googleapis.com/oauth2/v3/token  
 <request body omitted>
[debug] [2020-09-27T21:42:25.986Z] <<< HTTP RESPONSE 200 {"content-type":"application/json; charset=utf-8","vary":"X-Origin, Referer, Origin,Accept-Encoding","date":"Sun, 27 Sep 2020 21:42:38 GMT","server":"scaffolding on HTTPServer2","cache-control":"private","x-xss-protection":"0","x-frame-options":"SAMEORIGIN","x-content-type-options":"nosniff","alt-svc":"h3-Q050=\":443\"; ma=2592000,h3-29=\":443\"; ma=2592000,h3-27=\":443\"; ma=2592000,h3-T051=\":443\"; ma=2592000,h3-T050=\":443\"; ma=2592000,h3-Q046=\":443\"; ma=2592000,h3-Q043=\":443\"; ma=2592000,quic=\":443\"; ma=2592000; v=\"46,43\"","accept-ranges":"none","transfer-encoding":"chunked"}
[debug] [2020-09-27T21:42:26.002Z] >>> HTTP REQUEST POST https://cloudresourcemanager.googleapis.com/v1/projects/digital-equity:testIamPermissions  
 {"permissions":["firebase.projects.get"]}
[debug] [2020-09-27T21:42:26.284Z] <<< HTTP RESPONSE 200 {"content-type":"application/json; charset=UTF-8","vary":"X-Origin, Referer, Origin,Accept-Encoding","date":"Sun, 27 Sep 2020 21:42:38 GMT","server":"ESF","cache-control":"private","x-xss-protection":"0","x-frame-options":"SAMEORIGIN","x-content-type-options":"nosniff","server-timing":"gfet4t7; dur=182","alt-svc":"h3-Q050=\":443\"; ma=2592000,h3-29=\":443\"; ma=2592000,h3-27=\":443\"; ma=2592000,h3-T051=\":443\"; ma=2592000,h3-T050=\":443\"; ma=2592000,h3-Q046=\":443\"; ma=2592000,h3-Q043=\":443\"; ma=2592000,quic=\":443\"; ma=2592000; v=\"46,43\"","accept-ranges":"none","transfer-encoding":"chunked"}
[warn] ⚠  Your requested "node" version "10" doesn't match your global version "13" {"metadata":{"emulator":{"name":"functions"},"message":"Your requested \"node\" version \"10\" doesn't match your global version \"13\""}}
[debug] [2020-09-27T21:42:26.302Z] defaultcredentials: writing to file /Users/jane/.config/firebase/jyfeng_bu_edu_application_default_credentials.json
[debug] [2020-09-27T21:42:26.304Z] DEBUG: Setting GAC to /Users/jane/.config/firebase/jyfeng_bu_edu_application_default_credentials.json
[debug] [2020-09-27T21:42:26.313Z] [functions] Watching "/Users/jane/Documents/GitHub/digital-equity/functions" for Cloud Functions...
[debug] [2020-09-27T21:42:26.324Z] DEBUG: [worker-pool] addWorker(~diagnostic~)
[debug] [2020-09-27T21:42:26.325Z] DEBUG: [worker-pool] Adding worker with key ~diagnostic~, total=1
[debug] [2020-09-27T21:42:26.326Z] DEBUG: [worker-pool] submitWork(triggerId=)
[debug] [2020-09-27T21:42:26.326Z] DEBUG: [worker-~diagnostic~-420f0446-7bfe-429b-be1e-e35af86ab381]: Assigning socketPath: /var/folders/3x/x0kppmbn2xb_44hyrx66g28c0000gn/T/fire_emu_68878.sock
[debug] [2020-09-27T21:42:26.326Z] DEBUG: [worker-~diagnostic~-420f0446-7bfe-429b-be1e-e35af86ab381]: BUSY
[debug] [2020-09-27T21:42:26.634Z] DEBUG: [runtime-status] [68878] Functions runtime initialized. {"cwd":"/Users/jane/Documents/GitHub/digital-equity/functions","node_version":"13.12.0"}
[debug] [2020-09-27T21:42:26.635Z] DEBUG: [runtime-status] [68878] Disabled runtime features: undefined
[debug] [2020-09-27T21:42:26.640Z] DEBUG: [runtime-status] [68878] Resolved module firebase-admin {"declared":true,"installed":true,"version":"8.13.0","resolution":"/Users/jane/Documents/GitHub/digital-equity/functions/node_modules/firebase-admin/lib/index.js"}
[debug] [2020-09-27T21:42:26.642Z] DEBUG: [runtime-status] [68878] Resolved module firebase-functions {"declared":true,"installed":true,"version":"3.11.0","resolution":"/Users/jane/Documents/GitHub/digital-equity/functions/node_modules/firebase-functions/lib/index.js"}
[debug] [2020-09-27T21:42:26.644Z] DEBUG: [runtime-status] [68878] Resolved module firebase-functions {"declared":true,"installed":true,"version":"3.11.0","resolution":"/Users/jane/Documents/GitHub/digital-equity/functions/node_modules/firebase-functions/lib/index.js"}
[debug] [2020-09-27T21:42:26.646Z] DEBUG: [runtime-status] [68878] Outgoing network have been stubbed. [{"name":"http","status":"mocked"},{"name":"http","status":"mocked"},{"name":"https","status":"mocked"},{"name":"https","status":"mocked"},{"name":"net","status":"mocked"}]
[debug] [2020-09-27T21:42:26.646Z] DEBUG: [runtime-status] [68878] Resolved module firebase-functions {"declared":true,"installed":true,"version":"3.11.0","resolution":"/Users/jane/Documents/GitHub/digital-equity/functions/node_modules/firebase-functions/lib/index.js"}
[debug] [2020-09-27T21:42:26.715Z] DEBUG: [runtime-status] [68878] Checked functions.config() {"config":{}}
[debug] [2020-09-27T21:42:26.715Z] DEBUG: [runtime-status] [68878] firebase-functions has been stubbed. {"functionsResolution":{"declared":true,"installed":true,"version":"3.11.0","resolution":"/Users/jane/Documents/GitHub/digital-equity/functions/node_modules/firebase-functions/lib/index.js"}}
[debug] [2020-09-27T21:42:26.716Z] DEBUG: [runtime-status] [68878] Resolved module firebase-functions {"declared":true,"installed":true,"version":"3.11.0","resolution":"/Users/jane/Documents/GitHub/digital-equity/functions/node_modules/firebase-functions/lib/index.js"}
[debug] [2020-09-27T21:42:26.718Z] DEBUG: [runtime-status] [68878] Resolved module firebase-admin {"declared":true,"installed":true,"version":"8.13.0","resolution":"/Users/jane/Documents/GitHub/digital-equity/functions/node_modules/firebase-admin/lib/index.js"}
[debug] [2020-09-27T21:42:26.718Z] DEBUG: [runtime-status] [68878] Resolved module firebase-functions {"declared":true,"installed":true,"version":"3.11.0","resolution":"/Users/jane/Documents/GitHub/digital-equity/functions/node_modules/firebase-functions/lib/index.js"}
[debug] [2020-09-27T21:42:26.718Z] DEBUG: [runtime-status] [68878] firebase-admin has been stubbed. {"adminResolution":{"declared":true,"installed":true,"version":"8.13.0","resolution":"/Users/jane/Documents/GitHub/digital-equity/functions/node_modules/firebase-admin/lib/index.js"}}
[debug] [2020-09-27T21:42:27.068Z] DEBUG: [runtime-status] [68878] initializeApp(DEFAULT) {"databaseURL":"https://digital-equity.firebaseio.com","storageBucket":"digital-equity.appspot.com","projectId":"digital-equity"}
[warn] ⚠  functions: The Cloud Firestore emulator is not running, so calls to Firestore will affect production. {"metadata":{"emulator":{"name":"functions"},"message":"The Cloud Firestore emulator is not running, so calls to Firestore will affect production."}}
[debug] [2020-09-27T21:42:27.391Z] [functions[uploadFile]] http function initialized (http://localhost:5000/digital-equity/us-central1/uploadFile).
[info] i  functions: Loaded functions: uploadFile 
[warn] ⚠  functions: The following emulators are not running, calls to these services will affect production: firestore, database, pubsub 
[debug] [2020-09-27T21:42:27.406Z] DEBUG: [worker-~diagnostic~-420f0446-7bfe-429b-be1e-e35af86ab381]: IDLE
